Student ID: 20
Student Data: Array
(
    [full_name] => Wiame Rachade
    [email] => v@v.v
    [password] => $2y$10$L77ck8f2bargustfnCjJGeWW9.Q7z4BcU649c5oQChQjSeKLJQvba
)

Student ID: 20
Student Data: Array
(
    [full_name] => Wiame Rachade
    [email] => v@v.v
    [password] => $2y$10$L77ck8f2bargustfnCjJGeWW9.Q7z4BcU649c5oQChQjSeKLJQvba
)

Student ID: 20
Student Data: Array
(
    [full_name] => Wiame Rachade
    [email] => v@v.v
    [password] => $2y$10$L77ck8f2bargustfnCjJGeWW9.Q7z4BcU649c5oQChQjSeKLJQvba
)

Student ID: 20
Student Data: Array
(
    [full_name] => Wiame Rachade
    [email] => v@v.v
    [password] => $2y$10$L77ck8f2bargustfnCjJGeWW9.Q7z4BcU649c5oQChQjSeKLJQvba
)

Student ID: 20
Student Data: Array
(
    [full_name] => Wiame Rachade
    [email] => v@v.v
    [password] => $2y$10$L77ck8f2bargustfnCjJGeWW9.Q7z4BcU649c5oQChQjSeKLJQvba
)

Student ID: 20
Student Data: Array
(
    [full_name] => Wiame Rachade
    [email] => v@v.v
    [password] => $2y$10$L77ck8f2bargustfnCjJGeWW9.Q7z4BcU649c5oQChQjSeKLJQvba
)

Student ID: 20
Student Data: Array
(
    [full_name] => Wiame Rachade
    [email] => v@v.v
    [password] => $2y$10$L77ck8f2bargustfnCjJGeWW9.Q7z4BcU649c5oQChQjSeKLJQvba
)

Student ID: 20
Student Data: Array
(
    [full_name] => Wiame Rachade
    [email] => v@v.v
    [password] => $2y$10$L77ck8f2bargustfnCjJGeWW9.Q7z4BcU649c5oQChQjSeKLJQvba
)

Student ID: 20
Student Data: Array
(
    [full_name] => Wiame Rachade
    [email] => v@v.v
    [password] => $2y$10$L77ck8f2bargustfnCjJGeWW9.Q7z4BcU649c5oQChQjSeKLJQvba
)

Student ID: 20
Student Data: Array
(
    [full_name] => Wiame Rachade
    [email] => v@v.v
    [password] => $2y$10$L77ck8f2bargustfnCjJGeWW9.Q7z4BcU649c5oQChQjSeKLJQvba
)

Student ID: 20
Student Data: Array
(
    [full_name] => Wiame Rachade
    [email] => v@v.v
    [password] => $2y$10$L77ck8f2bargustfnCjJGeWW9.Q7z4BcU649c5oQChQjSeKLJQvba
)

Student ID: 20
Student Data: Array
(
    [full_name] => Wiame Rachade
    [email] => v@v.v
    [password] => $2y$10$L77ck8f2bargustfnCjJGeWW9.Q7z4BcU649c5oQChQjSeKLJQvba
)

Student ID: 20
Student Data: Array
(
    [full_name] => Wiame Rachade
    [email] => v@v.v
    [password] => $2y$10$L77ck8f2bargustfnCjJGeWW9.Q7z4BcU649c5oQChQjSeKLJQvba
)

Student ID: 20
Student Data: Array
(
    [full_name] => Wiame Rachade
    [email] => v@v.v
    [password] => $2y$10$L77ck8f2bargustfnCjJGeWW9.Q7z4BcU649c5oQChQjSeKLJQvba
)

Student ID: 20
Student Data: Array
(
    [full_name] => Wiame Rachade
    [email] => v@v.v
    [password] => $2y$10$L77ck8f2bargustfnCjJGeWW9.Q7z4BcU649c5oQChQjSeKLJQvba
)

Student ID: 20
Student Data: Array
(
    [full_name] => Wiame Rachade
    [email] => v@v.v
    [password] => $2y$10$L77ck8f2bargustfnCjJGeWW9.Q7z4BcU649c5oQChQjSeKLJQvba
)

